<?xml version="1.0" encoding="UTF-8"?>
<robot generator="Robot 6.1.1 (Python 3.10.12 on linux)" generated="20231117 14:10:27.425" rpa="false" schemaversion="4">
<suite id="s1" name="Tests" source="/home/algayalm/Työpöytä/2. periodi/ohtu/palautusrepositorio/Week-3/viikko3/login-robot/src/tests">
<suite id="s1-s1" name="Login" source="/home/algayalm/Työpöytä/2. periodi/ohtu/palautusrepositorio/Week-3/viikko3/login-robot/src/tests/login.robot">
<test id="s1-s1-t1" name="Login With Correct Credentials" line="6">
<kw name="Create User And Input Login Command" type="SETUP">
<kw name="Create User" library="AppLibrary">
<arg>kalle</arg>
<arg>kalle123</arg>
<status status="PASS" starttime="20231117 14:10:27.440" endtime="20231117 14:10:27.440"/>
</kw>
<kw name="Input Login Command" library="resource">
<kw name="Input" library="AppLibrary">
<arg>login</arg>
<status status="PASS" starttime="20231117 14:10:27.440" endtime="20231117 14:10:27.440"/>
</kw>
<status status="PASS" starttime="20231117 14:10:27.440" endtime="20231117 14:10:27.441"/>
</kw>
<status status="PASS" starttime="20231117 14:10:27.440" endtime="20231117 14:10:27.441"/>
</kw>
<kw name="Input Credentials" library="resource">
<arg>kalle</arg>
<arg>kalle123</arg>
<kw name="Input" library="AppLibrary">
<arg>${username}</arg>
<status status="PASS" starttime="20231117 14:10:27.441" endtime="20231117 14:10:27.441"/>
</kw>
<kw name="Input" library="AppLibrary">
<arg>${password}</arg>
<status status="PASS" starttime="20231117 14:10:27.441" endtime="20231117 14:10:27.441"/>
</kw>
<kw name="Run Application" library="AppLibrary">
<status status="PASS" starttime="20231117 14:10:27.441" endtime="20231117 14:10:27.441"/>
</kw>
<status status="PASS" starttime="20231117 14:10:27.441" endtime="20231117 14:10:27.441"/>
</kw>
<kw name="Output Should Contain" library="AppLibrary">
<arg>Logged in</arg>
<status status="PASS" starttime="20231117 14:10:27.441" endtime="20231117 14:10:27.441"/>
</kw>
<status status="PASS" starttime="20231117 14:10:27.440" endtime="20231117 14:10:27.442"/>
</test>
<test id="s1-s1-t2" name="Login With Incorrect PassWord" line="11">
<kw name="Create User And Input Login Command" type="SETUP">
<kw name="Create User" library="AppLibrary">
<arg>kalle</arg>
<arg>kalle123</arg>
<status status="PASS" starttime="20231117 14:10:27.442" endtime="20231117 14:10:27.442"/>
</kw>
<kw name="Input Login Command" library="resource">
<kw name="Input" library="AppLibrary">
<arg>login</arg>
<status status="PASS" starttime="20231117 14:10:27.442" endtime="20231117 14:10:27.443"/>
</kw>
<status status="PASS" starttime="20231117 14:10:27.442" endtime="20231117 14:10:27.443"/>
</kw>
<status status="PASS" starttime="20231117 14:10:27.442" endtime="20231117 14:10:27.443"/>
</kw>
<kw name="Input Credentials" library="resource">
<arg>kalle</arg>
<arg>juho123</arg>
<kw name="Input" library="AppLibrary">
<arg>${username}</arg>
<status status="PASS" starttime="20231117 14:10:27.443" endtime="20231117 14:10:27.443"/>
</kw>
<kw name="Input" library="AppLibrary">
<arg>${password}</arg>
<status status="PASS" starttime="20231117 14:10:27.443" endtime="20231117 14:10:27.443"/>
</kw>
<kw name="Run Application" library="AppLibrary">
<status status="PASS" starttime="20231117 14:10:27.443" endtime="20231117 14:10:27.443"/>
</kw>
<status status="PASS" starttime="20231117 14:10:27.443" endtime="20231117 14:10:27.443"/>
</kw>
<kw name="Output Should Contain" library="AppLibrary">
<arg>Invalid username or password</arg>
<status status="PASS" starttime="20231117 14:10:27.443" endtime="20231117 14:10:27.443"/>
</kw>
<status status="PASS" starttime="20231117 14:10:27.442" endtime="20231117 14:10:27.443"/>
</test>
<test id="s1-s1-t3" name="Login With Nonexistent Username" line="15">
<kw name="Create User And Input Login Command" type="SETUP">
<kw name="Create User" library="AppLibrary">
<arg>kalle</arg>
<arg>kalle123</arg>
<status status="PASS" starttime="20231117 14:10:27.444" endtime="20231117 14:10:27.444"/>
</kw>
<kw name="Input Login Command" library="resource">
<kw name="Input" library="AppLibrary">
<arg>login</arg>
<status status="PASS" starttime="20231117 14:10:27.444" endtime="20231117 14:10:27.444"/>
</kw>
<status status="PASS" starttime="20231117 14:10:27.444" endtime="20231117 14:10:27.444"/>
</kw>
<status status="PASS" starttime="20231117 14:10:27.444" endtime="20231117 14:10:27.444"/>
</kw>
<kw name="Input Credentials" library="resource">
<arg>juho</arg>
<arg>kalle123</arg>
<kw name="Input" library="AppLibrary">
<arg>${username}</arg>
<status status="PASS" starttime="20231117 14:10:27.445" endtime="20231117 14:10:27.445"/>
</kw>
<kw name="Input" library="AppLibrary">
<arg>${password}</arg>
<status status="PASS" starttime="20231117 14:10:27.445" endtime="20231117 14:10:27.445"/>
</kw>
<kw name="Run Application" library="AppLibrary">
<status status="PASS" starttime="20231117 14:10:27.445" endtime="20231117 14:10:27.445"/>
</kw>
<status status="PASS" starttime="20231117 14:10:27.445" endtime="20231117 14:10:27.445"/>
</kw>
<kw name="Output Should Contain" library="AppLibrary">
<arg>Invalid username or password</arg>
<status status="PASS" starttime="20231117 14:10:27.445" endtime="20231117 14:10:27.445"/>
</kw>
<status status="PASS" starttime="20231117 14:10:27.444" endtime="20231117 14:10:27.445"/>
</test>
<status status="PASS" starttime="20231117 14:10:27.436" endtime="20231117 14:10:27.446"/>
</suite>
<status status="PASS" starttime="20231117 14:10:27.426" endtime="20231117 14:10:27.446"/>
</suite>
<statistics>
<total>
<stat pass="3" fail="0" skip="0">All Tests</stat>
</total>
<tag>
</tag>
<suite>
<stat pass="3" fail="0" skip="0" id="s1" name="Tests">Tests</stat>
<stat pass="3" fail="0" skip="0" id="s1-s1" name="Login">Tests.Login</stat>
</suite>
</statistics>
<errors>
</errors>
</robot>
