<?xml version="1.0" encoding="UTF-8"?>
<robot generator="Robot 6.1.1 (Python 3.10.12 on linux)" generated="20231119 14:24:03.350" rpa="false" schemaversion="4">
<suite id="s1" name="Home" source="/home/algayalm/Työpöytä/2. periodi/ohtu/palautusrepositorio/Week-3/viikko3/web-login/src/tests/home.robot">
<kw name="Open And Configure Browser" library="resource" type="SETUP">
<kw name="Evaluate" library="BuiltIn">
<var>${options}</var>
<arg>sys.modules['selenium.webdriver'].ChromeOptions()</arg>
<arg>sys</arg>
<doc>Evaluates the given expression in Python and returns the result.</doc>
<msg timestamp="20231119 14:24:03.456" level="INFO">${options} = &lt;selenium.webdriver.chrome.options.Options object at 0x7f36dfeeace0&gt;</msg>
<status status="PASS" starttime="20231119 14:24:03.456" endtime="20231119 14:24:03.456"/>
</kw>
<kw name="Open Browser" library="SeleniumLibrary">
<arg>browser=chrome</arg>
<arg>options=${options}</arg>
<doc>Opens a new browser instance to the optional ``url``.</doc>
<msg timestamp="20231119 14:24:03.456" level="INFO">Opening browser 'chrome' to base url 'None'.</msg>
<status status="PASS" starttime="20231119 14:24:03.456" endtime="20231119 14:24:04.336"/>
</kw>
<kw name="Set Selenium Speed" library="SeleniumLibrary">
<arg>${DELAY}</arg>
<doc>Sets the delay that is waited after each Selenium command.</doc>
<status status="PASS" starttime="20231119 14:24:04.336" endtime="20231119 14:24:04.337"/>
</kw>
<status status="PASS" starttime="20231119 14:24:03.455" endtime="20231119 14:24:04.337"/>
</kw>
<test id="s1-t1" name="Click Login Link" line="8">
<kw name="Go To Starting Page" library="resource" type="SETUP">
<kw name="Go To" library="SeleniumLibrary">
<arg>${HOME_URL}</arg>
<doc>Navigates the current browser window to the provided ``url``.</doc>
<msg timestamp="20231119 14:24:04.338" level="INFO">Opening url 'http://localhost:5001'</msg>
<status status="PASS" starttime="20231119 14:24:04.338" endtime="20231119 14:24:04.889"/>
</kw>
<status status="PASS" starttime="20231119 14:24:04.338" endtime="20231119 14:24:04.889"/>
</kw>
<kw name="Click Link" library="SeleniumLibrary">
<arg>Login</arg>
<doc>Clicks a link identified by ``locator``.</doc>
<msg timestamp="20231119 14:24:04.891" level="INFO">Clicking link 'Login'.</msg>
<status status="PASS" starttime="20231119 14:24:04.890" endtime="20231119 14:24:06.467"/>
</kw>
<kw name="Login Page Should Be Open" library="resource">
<kw name="Title Should Be" library="SeleniumLibrary">
<arg>Login</arg>
<doc>Verifies that the current page title equals ``title``.</doc>
<msg timestamp="20231119 14:24:06.979" level="INFO">Page title is 'Login'.</msg>
<status status="PASS" starttime="20231119 14:24:06.468" endtime="20231119 14:24:06.979"/>
</kw>
<status status="PASS" starttime="20231119 14:24:06.467" endtime="20231119 14:24:06.979"/>
</kw>
<status status="PASS" starttime="20231119 14:24:04.337" endtime="20231119 14:24:06.980"/>
</test>
<test id="s1-t2" name="Click Register Link" line="12">
<kw name="Go To Starting Page" library="resource" type="SETUP">
<kw name="Go To" library="SeleniumLibrary">
<arg>${HOME_URL}</arg>
<doc>Navigates the current browser window to the provided ``url``.</doc>
<msg timestamp="20231119 14:24:06.982" level="INFO">Opening url 'http://localhost:5001'</msg>
<status status="PASS" starttime="20231119 14:24:06.981" endtime="20231119 14:24:07.500"/>
</kw>
<status status="PASS" starttime="20231119 14:24:06.981" endtime="20231119 14:24:07.500"/>
</kw>
<kw name="Click Link" library="SeleniumLibrary">
<arg>Register new user</arg>
<doc>Clicks a link identified by ``locator``.</doc>
<msg timestamp="20231119 14:24:07.501" level="INFO">Clicking link 'Register new user'.</msg>
<status status="PASS" starttime="20231119 14:24:07.500" endtime="20231119 14:24:09.060"/>
</kw>
<kw name="Register Page Should Be Open" library="resource">
<kw name="Go To" library="SeleniumLibrary">
<arg>${REGISTER_URL}</arg>
<doc>Navigates the current browser window to the provided ``url``.</doc>
<msg timestamp="20231119 14:24:09.062" level="INFO">Opening url 'http://localhost:5001/register'</msg>
<status status="PASS" starttime="20231119 14:24:09.061" endtime="20231119 14:24:09.588"/>
</kw>
<status status="PASS" starttime="20231119 14:24:09.061" endtime="20231119 14:24:09.588"/>
</kw>
<status status="PASS" starttime="20231119 14:24:06.980" endtime="20231119 14:24:09.589"/>
</test>
<kw name="Close Browser" library="SeleniumLibrary" type="TEARDOWN">
<doc>Closes the current browser.</doc>
<status status="PASS" starttime="20231119 14:24:09.590" endtime="20231119 14:24:10.149"/>
</kw>
<status status="PASS" starttime="20231119 14:24:03.355" endtime="20231119 14:24:10.150"/>
</suite>
<statistics>
<total>
<stat pass="2" fail="0" skip="0">All Tests</stat>
</total>
<tag>
</tag>
<suite>
<stat pass="2" fail="0" skip="0" id="s1" name="Home">Home</stat>
</suite>
</statistics>
<errors>
</errors>
</robot>
