<?xml version="1.0" encoding="UTF-8"?>
<robot generator="Robot 6.1.1 (Python 3.10.12 on linux)" generated="20231119 14:43:36.406" rpa="false" schemaversion="4">
<suite id="s1" name="Login" source="/home/algayalm/Työpöytä/2. periodi/ohtu/palautusrepositorio/Week-3/viikko3/web-login/src/tests/login.robot">
<kw name="Open And Configure Browser" library="resource" type="SETUP">
<kw name="Evaluate" library="BuiltIn">
<var>${options}</var>
<arg>sys.modules['selenium.webdriver'].ChromeOptions()</arg>
<arg>sys</arg>
<doc>Evaluates the given expression in Python and returns the result.</doc>
<msg timestamp="20231119 14:43:36.506" level="INFO">${options} = &lt;selenium.webdriver.chrome.options.Options object at 0x7fa931bd7790&gt;</msg>
<status status="PASS" starttime="20231119 14:43:36.506" endtime="20231119 14:43:36.506"/>
</kw>
<kw name="Open Browser" library="SeleniumLibrary">
<arg>browser=chrome</arg>
<arg>options=${options}</arg>
<doc>Opens a new browser instance to the optional ``url``.</doc>
<msg timestamp="20231119 14:43:36.507" level="INFO">Opening browser 'chrome' to base url 'None'.</msg>
<status status="PASS" starttime="20231119 14:43:36.506" endtime="20231119 14:43:37.414"/>
</kw>
<kw name="Set Selenium Speed" library="SeleniumLibrary">
<arg>${DELAY}</arg>
<doc>Sets the delay that is waited after each Selenium command.</doc>
<status status="PASS" starttime="20231119 14:43:37.414" endtime="20231119 14:43:37.415"/>
</kw>
<status status="PASS" starttime="20231119 14:43:36.506" endtime="20231119 14:43:37.415"/>
</kw>
<test id="s1-t1" name="Login With Correct Credentials" line="8">
<kw name="Create User And Go To Login Page" type="SETUP">
<kw name="Create User" library="AppLibrary">
<arg>kalle</arg>
<arg>kalle123</arg>
<status status="PASS" starttime="20231119 14:43:37.416" endtime="20231119 14:43:37.424"/>
</kw>
<kw name="Go To Login Page" library="resource">
<kw name="Go To" library="SeleniumLibrary">
<arg>${LOGIN_URL}</arg>
<doc>Navigates the current browser window to the provided ``url``.</doc>
<msg timestamp="20231119 14:43:37.425" level="INFO">Opening url 'http://localhost:5001/login'</msg>
<status status="PASS" starttime="20231119 14:43:37.425" endtime="20231119 14:43:37.989"/>
</kw>
<status status="PASS" starttime="20231119 14:43:37.424" endtime="20231119 14:43:37.990"/>
</kw>
<kw name="Login Page Should Be Open" library="resource">
<kw name="Title Should Be" library="SeleniumLibrary">
<arg>Login</arg>
<doc>Verifies that the current page title equals ``title``.</doc>
<msg timestamp="20231119 14:43:38.502" level="INFO">Page title is 'Login'.</msg>
<status status="PASS" starttime="20231119 14:43:37.991" endtime="20231119 14:43:38.503"/>
</kw>
<status status="PASS" starttime="20231119 14:43:37.990" endtime="20231119 14:43:38.503"/>
</kw>
<status status="PASS" starttime="20231119 14:43:37.416" endtime="20231119 14:43:38.503"/>
</kw>
<kw name="Set Username">
<arg>kalle</arg>
<kw name="Input Text" library="SeleniumLibrary">
<arg>username</arg>
<arg>${username}</arg>
<doc>Types the given ``text`` into the text field identified by ``locator``.</doc>
<msg timestamp="20231119 14:43:38.505" level="INFO">Typing text 'kalle' into text field 'username'.</msg>
<status status="PASS" starttime="20231119 14:43:38.504" endtime="20231119 14:43:40.111"/>
</kw>
<status status="PASS" starttime="20231119 14:43:38.503" endtime="20231119 14:43:40.111"/>
</kw>
<kw name="Set Password">
<arg>kalle123</arg>
<kw name="Input Password" library="SeleniumLibrary">
<arg>password</arg>
<arg>${password}</arg>
<doc>Types the given password into the text field identified by ``locator``.</doc>
<msg timestamp="20231119 14:43:40.114" level="INFO">Typing password into text field 'password'.</msg>
<msg timestamp="20231119 14:43:41.163" level="INFO">Temporally setting log level to: NONE</msg>
<msg timestamp="20231119 14:43:41.694" level="INFO">Log level changed from NONE to INFO.</msg>
<status status="PASS" starttime="20231119 14:43:40.112" endtime="20231119 14:43:41.694"/>
</kw>
<status status="PASS" starttime="20231119 14:43:40.112" endtime="20231119 14:43:41.694"/>
</kw>
<kw name="Submit Credentials">
<kw name="Click Button" library="SeleniumLibrary">
<arg>Login</arg>
<doc>Clicks the button identified by ``locator``.</doc>
<msg timestamp="20231119 14:43:41.696" level="INFO">Clicking button 'Login'.</msg>
<status status="PASS" starttime="20231119 14:43:41.695" endtime="20231119 14:43:43.826"/>
</kw>
<status status="PASS" starttime="20231119 14:43:41.695" endtime="20231119 14:43:43.826"/>
</kw>
<kw name="Login Should Succeed">
<kw name="Main Page Should Be Open" library="resource">
<kw name="Title Should Be" library="SeleniumLibrary">
<arg>Ohtu Application main page</arg>
<doc>Verifies that the current page title equals ``title``.</doc>
<msg timestamp="20231119 14:43:44.338" level="INFO">Page title is 'Ohtu Application main page'.</msg>
<status status="PASS" starttime="20231119 14:43:43.827" endtime="20231119 14:43:44.338"/>
</kw>
<status status="PASS" starttime="20231119 14:43:43.827" endtime="20231119 14:43:44.338"/>
</kw>
<status status="PASS" starttime="20231119 14:43:43.827" endtime="20231119 14:43:44.338"/>
</kw>
<status status="PASS" starttime="20231119 14:43:37.415" endtime="20231119 14:43:44.338"/>
</test>
<test id="s1-t2" name="Login With Incorrect Password" line="14">
<kw name="Create User And Go To Login Page" type="SETUP">
<kw name="Create User" library="AppLibrary">
<arg>kalle</arg>
<arg>kalle123</arg>
<status status="PASS" starttime="20231119 14:43:44.340" endtime="20231119 14:43:44.353"/>
</kw>
<kw name="Go To Login Page" library="resource">
<kw name="Go To" library="SeleniumLibrary">
<arg>${LOGIN_URL}</arg>
<doc>Navigates the current browser window to the provided ``url``.</doc>
<msg timestamp="20231119 14:43:44.353" level="INFO">Opening url 'http://localhost:5001/login'</msg>
<status status="PASS" starttime="20231119 14:43:44.353" endtime="20231119 14:43:44.874"/>
</kw>
<status status="PASS" starttime="20231119 14:43:44.353" endtime="20231119 14:43:44.874"/>
</kw>
<kw name="Login Page Should Be Open" library="resource">
<kw name="Title Should Be" library="SeleniumLibrary">
<arg>Login</arg>
<doc>Verifies that the current page title equals ``title``.</doc>
<msg timestamp="20231119 14:43:45.384" level="INFO">Page title is 'Login'.</msg>
<status status="PASS" starttime="20231119 14:43:44.875" endtime="20231119 14:43:45.384"/>
</kw>
<status status="PASS" starttime="20231119 14:43:44.874" endtime="20231119 14:43:45.384"/>
</kw>
<status status="PASS" starttime="20231119 14:43:44.340" endtime="20231119 14:43:45.385"/>
</kw>
<kw name="Set Username">
<arg>kalle</arg>
<kw name="Input Text" library="SeleniumLibrary">
<arg>username</arg>
<arg>${username}</arg>
<doc>Types the given ``text`` into the text field identified by ``locator``.</doc>
<msg timestamp="20231119 14:43:45.387" level="INFO">Typing text 'kalle' into text field 'username'.</msg>
<status status="PASS" starttime="20231119 14:43:45.386" endtime="20231119 14:43:46.971"/>
</kw>
<status status="PASS" starttime="20231119 14:43:45.385" endtime="20231119 14:43:46.971"/>
</kw>
<kw name="Set Password">
<arg>kalle456</arg>
<kw name="Input Password" library="SeleniumLibrary">
<arg>password</arg>
<arg>${password}</arg>
<doc>Types the given password into the text field identified by ``locator``.</doc>
<msg timestamp="20231119 14:43:46.973" level="INFO">Typing password into text field 'password'.</msg>
<msg timestamp="20231119 14:43:48.013" level="INFO">Temporally setting log level to: NONE</msg>
<msg timestamp="20231119 14:43:48.557" level="INFO">Log level changed from NONE to INFO.</msg>
<status status="PASS" starttime="20231119 14:43:46.972" endtime="20231119 14:43:48.557"/>
</kw>
<status status="PASS" starttime="20231119 14:43:46.971" endtime="20231119 14:43:48.557"/>
</kw>
<kw name="Submit Credentials">
<kw name="Click Button" library="SeleniumLibrary">
<arg>Login</arg>
<doc>Clicks the button identified by ``locator``.</doc>
<msg timestamp="20231119 14:43:48.559" level="INFO">Clicking button 'Login'.</msg>
<status status="PASS" starttime="20231119 14:43:48.558" endtime="20231119 14:43:50.627"/>
</kw>
<status status="PASS" starttime="20231119 14:43:48.557" endtime="20231119 14:43:50.627"/>
</kw>
<kw name="Login Should Fail With Message">
<arg>Invalid username or password</arg>
<kw name="Login Page Should Be Open" library="resource">
<kw name="Title Should Be" library="SeleniumLibrary">
<arg>Login</arg>
<doc>Verifies that the current page title equals ``title``.</doc>
<msg timestamp="20231119 14:43:51.139" level="INFO">Page title is 'Login'.</msg>
<status status="PASS" starttime="20231119 14:43:50.629" endtime="20231119 14:43:51.139"/>
</kw>
<status status="PASS" starttime="20231119 14:43:50.628" endtime="20231119 14:43:51.139"/>
</kw>
<kw name="Page Should Contain" library="SeleniumLibrary">
<arg>${message}</arg>
<doc>Verifies that current page contains ``text``.</doc>
<msg timestamp="20231119 14:43:52.165" level="INFO">Current page contains text 'Invalid username or password'.</msg>
<status status="PASS" starttime="20231119 14:43:51.140" endtime="20231119 14:43:52.166"/>
</kw>
<status status="PASS" starttime="20231119 14:43:50.627" endtime="20231119 14:43:52.166"/>
</kw>
<status status="PASS" starttime="20231119 14:43:44.339" endtime="20231119 14:43:52.166"/>
</test>
<test id="s1-t3" name="Login With Nonexistent Username" line="20">
<kw name="Create User And Go To Login Page" type="SETUP">
<kw name="Create User" library="AppLibrary">
<arg>kalle</arg>
<arg>kalle123</arg>
<status status="PASS" starttime="20231119 14:43:52.168" endtime="20231119 14:43:52.182"/>
</kw>
<kw name="Go To Login Page" library="resource">
<kw name="Go To" library="SeleniumLibrary">
<arg>${LOGIN_URL}</arg>
<doc>Navigates the current browser window to the provided ``url``.</doc>
<msg timestamp="20231119 14:43:52.183" level="INFO">Opening url 'http://localhost:5001/login'</msg>
<status status="PASS" starttime="20231119 14:43:52.183" endtime="20231119 14:43:52.705"/>
</kw>
<status status="PASS" starttime="20231119 14:43:52.183" endtime="20231119 14:43:52.705"/>
</kw>
<kw name="Login Page Should Be Open" library="resource">
<kw name="Title Should Be" library="SeleniumLibrary">
<arg>Login</arg>
<doc>Verifies that the current page title equals ``title``.</doc>
<msg timestamp="20231119 14:43:53.214" level="INFO">Page title is 'Login'.</msg>
<status status="PASS" starttime="20231119 14:43:52.706" endtime="20231119 14:43:53.214"/>
</kw>
<status status="PASS" starttime="20231119 14:43:52.706" endtime="20231119 14:43:53.214"/>
</kw>
<status status="PASS" starttime="20231119 14:43:52.168" endtime="20231119 14:43:53.214"/>
</kw>
<kw name="Set Username">
<arg>juho</arg>
<kw name="Input Text" library="SeleniumLibrary">
<arg>username</arg>
<arg>${username}</arg>
<doc>Types the given ``text`` into the text field identified by ``locator``.</doc>
<msg timestamp="20231119 14:43:53.217" level="INFO">Typing text 'juho' into text field 'username'.</msg>
<status status="PASS" starttime="20231119 14:43:53.216" endtime="20231119 14:43:54.802"/>
</kw>
<status status="PASS" starttime="20231119 14:43:53.215" endtime="20231119 14:43:54.802"/>
</kw>
<kw name="Set Password">
<arg>kalle123</arg>
<kw name="Input Password" library="SeleniumLibrary">
<arg>password</arg>
<arg>${password}</arg>
<doc>Types the given password into the text field identified by ``locator``.</doc>
<msg timestamp="20231119 14:43:54.804" level="INFO">Typing password into text field 'password'.</msg>
<msg timestamp="20231119 14:43:55.838" level="INFO">Temporally setting log level to: NONE</msg>
<msg timestamp="20231119 14:43:56.381" level="INFO">Log level changed from NONE to INFO.</msg>
<status status="PASS" starttime="20231119 14:43:54.803" endtime="20231119 14:43:56.381"/>
</kw>
<status status="PASS" starttime="20231119 14:43:54.802" endtime="20231119 14:43:56.381"/>
</kw>
<kw name="Submit Credentials">
<kw name="Click Button" library="SeleniumLibrary">
<arg>Login</arg>
<doc>Clicks the button identified by ``locator``.</doc>
<msg timestamp="20231119 14:43:56.383" level="INFO">Clicking button 'Login'.</msg>
<status status="PASS" starttime="20231119 14:43:56.382" endtime="20231119 14:43:58.459"/>
</kw>
<status status="PASS" starttime="20231119 14:43:56.382" endtime="20231119 14:43:58.459"/>
</kw>
<kw name="Login Should Fail With Message">
<arg>Invalid username or password</arg>
<kw name="Login Page Should Be Open" library="resource">
<kw name="Title Should Be" library="SeleniumLibrary">
<arg>Login</arg>
<doc>Verifies that the current page title equals ``title``.</doc>
<msg timestamp="20231119 14:43:58.970" level="INFO">Page title is 'Login'.</msg>
<status status="PASS" starttime="20231119 14:43:58.461" endtime="20231119 14:43:58.970"/>
</kw>
<status status="PASS" starttime="20231119 14:43:58.460" endtime="20231119 14:43:58.971"/>
</kw>
<kw name="Page Should Contain" library="SeleniumLibrary">
<arg>${message}</arg>
<doc>Verifies that current page contains ``text``.</doc>
<msg timestamp="20231119 14:43:59.994" level="INFO">Current page contains text 'Invalid username or password'.</msg>
<status status="PASS" starttime="20231119 14:43:58.971" endtime="20231119 14:43:59.995"/>
</kw>
<status status="PASS" starttime="20231119 14:43:58.460" endtime="20231119 14:43:59.995"/>
</kw>
<status status="PASS" starttime="20231119 14:43:52.167" endtime="20231119 14:43:59.995"/>
</test>
<kw name="Close Browser" library="SeleniumLibrary" type="TEARDOWN">
<doc>Closes the current browser.</doc>
<status status="PASS" starttime="20231119 14:43:59.996" endtime="20231119 14:44:00.558"/>
</kw>
<status status="PASS" starttime="20231119 14:43:36.406" endtime="20231119 14:44:00.558"/>
</suite>
<statistics>
<total>
<stat pass="3" fail="0" skip="0">All Tests</stat>
</total>
<tag>
</tag>
<suite>
<stat pass="3" fail="0" skip="0" id="s1" name="Login">Login</stat>
</suite>
</statistics>
<errors>
</errors>
</robot>
